[35m[Appium][39m Welcome to Appium v1.22.3
[35m[Appium][39m Non-default server args:
[35m[Appium][39m   port: 59277
[35m[Appium][39m   loglevel: info
[35m[Appium][39m   tmpDir: C:\Users\INSURA\AppData\Local\Temp\\Katalon\Appium\Temp1663776440859
[35m[Appium][39m   chromedriverPort: 59278
[35m[Appium][39m Deprecated server args:
[35m[Appium][39m   [31m--chromedriver-port[39m => --default-capabilities
[35m[Appium][39m Default capabilities, which will be added to each request unless overridden by desired capabilities:
[35m[Appium][39m   chromedriverPort: 59278
[35m[Appium][39m Appium REST http interface listener started on 0.0.0.0:59277
[35m[HTTP][39m [37m-->[39m [37mGET[39m [37m/wd/hub/status[39m
[35m[HTTP][39m [90m{}[39m
[35m[HTTP][39m [37m<-- GET /wd/hub/status [39m[32m200[39m [90m7 ms - 68[39m
[35m[HTTP][39m [90m[39m
[35m[HTTP][39m [37m-->[39m [37mGET[39m [37m/wd/hub/status[39m
[35m[HTTP][39m [90m{}[39m
[35m[HTTP][39m [37m<-- GET /wd/hub/status [39m[32m200[39m [90m1 ms - 68[39m
[35m[HTTP][39m [90m[39m
[35m[HTTP][39m [37m-->[39m [37mPOST[39m [37m/wd/hub/session[39m
[35m[HTTP][39m [90m{"desiredCapabilities":{"appActivity":".Settings","appPackage":"com.android.settings","newCommandTimeout":1800,"platformVersion":"12","automationName":"uiautomator2","autoGrantPermissions":true,"platformName":"Android","udid":"RR8N107MXEP","deviceName":"samsung SM-A715F (Android 12)","platform":"ANDROID","systemPort":8276},"capabilities":{"firstMatch":[{"appium:appActivity":".Settings","appium:appPackage":"com.android.settings","appium:autoGrantPermissions":true,"appium:automationName":"uiautomator2","appium:deviceName":"samsung SM-A715F (Android 12)","appium:newCommandTimeout":1800,"platform":"ANDROID","platformName":"android","appium:platformVersion":"12","appium:systemPort":8276,"appium:udid":"RR8N107MXEP"}]}}[39m
[35m[BaseDriver][39m The following capabilities are not standard capabilities and should have an extension prefix:
[35m[BaseDriver][39m   platform
[35m[BaseDriver][39m   chromedriverPort
[35m[Appium][39m Appium v1.22.3 creating new AndroidUiautomator2Driver (v1.70.1) session
[35m[BaseDriver][39m The following capabilities were provided, but are not recognized by Appium:
[35m[BaseDriver][39m   platform
[35m[BaseDriver][39m Session created with session id: 3d602678-b471-4834-b1a8-adaa6f8ecb9c
[35m[UiAutomator2][39m Starting 'com.android.settings' directly on the device
[35m[ADB][39m Found 1 'build-tools' folders under 'C:\Users\INSURA\.katalon\tools\android_sdk' (newest first):
[35m[ADB][39m     C:/Users/INSURA/.katalon/tools/android_sdk/build-tools/29.0.3
[35m[ADB][39m Using 'adb.exe' from 'C:\Users\INSURA\.katalon\tools\android_sdk\platform-tools\adb.exe'
[35m[AndroidDriver][39m Retrieving device list
[35m[AndroidDriver][39m Using device: RR8N107MXEP
[35m[ADB][39m Using 'adb.exe' from 'C:\Users\INSURA\.katalon\tools\android_sdk\platform-tools\adb.exe'
[35m[ADB][39m Getting device platform version
[35m[UiAutomator2][39m Relaxing hidden api policy
[35m[AndroidDriver][39m No app sent in, not parsing package/activity
[35m[ADB][39m Using 'apksigner.jar' from 'C:\Users\INSURA\.katalon\tools\android_sdk\build-tools\29.0.3\lib\apksigner.jar'
[35m[ADB][39m 'C:\Users\INSURA\AppData\Roaming\npm\node_modules\appium\node_modules\appium-uiautomator2-server\apks\appium-uiautomator2-server-v4.27.0.apk' is signed with the default certificate
[35m[ADB][39m 'C:\Users\INSURA\AppData\Roaming\npm\node_modules\appium\node_modules\appium-uiautomator2-server\apks\appium-uiautomator2-server-debug-androidTest.apk' is signed with the default certificate
[35m[UiAutomator2][39m Server packages are not going to be (re)installed
[35m[ADB][39m Adding packages ["io.appium.settings","io.appium.uiautomator2.server","io.appium.uiautomator2.server.test"] to Doze whitelist
[35m[UiAutomator2][39m Starting UIAutomator2 server 4.27.0
[35m[UiAutomator2][39m Using UIAutomator2 server from 'C:\Users\INSURA\AppData\Roaming\npm\node_modules\appium\node_modules\appium-uiautomator2-server\apks\appium-uiautomator2-server-v4.27.0.apk' and test from 'C:\Users\INSURA\AppData\Roaming\npm\node_modules\appium\node_modules\appium-uiautomator2-server\apks\appium-uiautomator2-server-debug-androidTest.apk'
[35m[UiAutomator2][39m Waiting up to 30000ms for UiAutomator2 to be online...
[35m[WD Proxy][39m socket hang up
[35m[WD Proxy][39m socket hang up
[35m[WD Proxy][39m socket hang up
[35m[WD Proxy][39m Determined the downstream protocol as 'W3C'
[35m[AndroidDriver][39m Screen already unlocked, doing nothing
[35m[UiAutomator2][39m Starting 'com.android.settings/.Settings and waiting for 'com.android.settings/.Settings'
[35m[Appium][39m New AndroidUiautomator2Driver session created successfully, session 3d602678-b471-4834-b1a8-adaa6f8ecb9c added to master session list
[35m[HTTP][39m [37m<-- POST /wd/hub/session [39m[32m200[39m [90m10314 ms - 1158[39m
[35m[HTTP][39m [90m[39m
[35m[HTTP][39m [37m-->[39m [37mGET[39m [37m/wd/hub/session/3d602678-b471-4834-b1a8-adaa6f8ecb9c[39m
[35m[HTTP][39m [90m{}[39m
[35m[HTTP][39m [37m<-- GET /wd/hub/session/3d602678-b471-4834-b1a8-adaa6f8ecb9c [39m[32m200[39m [90m14 ms - 1112[39m
[35m[HTTP][39m [90m[39m
[35m[HTTP][39m [37m-->[39m [37mGET[39m [37m/wd/hub/session/3d602678-b471-4834-b1a8-adaa6f8ecb9c[39m
[35m[HTTP][39m [90m{}[39m
[35m[HTTP][39m [37m<-- GET /wd/hub/session/3d602678-b471-4834-b1a8-adaa6f8ecb9c [39m[32m200[39m [90m13 ms - 1112[39m
[35m[HTTP][39m [90m[39m
[35m[HTTP][39m [37m-->[39m [37mGET[39m [37m/wd/hub/status[39m
[35m[HTTP][39m [90m{}[39m
[35m[HTTP][39m [37m<-- GET /wd/hub/status [39m[32m200[39m [90m0 ms - 68[39m
[35m[HTTP][39m [90m[39m
[35m[HTTP][39m [37m-->[39m [37mPOST[39m [37m/wd/hub/session/3d602678-b471-4834-b1a8-adaa6f8ecb9c/timeouts[39m
[35m[HTTP][39m [90m{"implicit":60000}[39m
[35m[HTTP][39m [37m<-- POST /wd/hub/session/3d602678-b471-4834-b1a8-adaa6f8ecb9c/timeouts [39m[32m200[39m [90m4 ms - 14[39m
[35m[HTTP][39m [90m[39m
[35m[HTTP][39m [37m-->[39m [37mGET[39m [37m/wd/hub/session/3d602678-b471-4834-b1a8-adaa6f8ecb9c/screenshot[39m
[35m[HTTP][39m [90m{}[39m
[35m[HTTP][39m [37m<-- GET /wd/hub/session/3d602678-b471-4834-b1a8-adaa6f8ecb9c/screenshot [39m[32m200[39m [90m596 ms - 251908[39m
[35m[HTTP][39m [90m[39m
[35m[HTTP][39m [37m-->[39m [37mGET[39m [37m/wd/hub/session/3d602678-b471-4834-b1a8-adaa6f8ecb9c/window/rect[39m
[35m[HTTP][39m [90m{}[39m
[35m[HTTP][39m [37m<-- GET /wd/hub/session/3d602678-b471-4834-b1a8-adaa6f8ecb9c/window/rect [39m[32m200[39m [90m28 ms - 50[39m
[35m[HTTP][39m [90m[39m
[35m[HTTP][39m [37m-->[39m [37mGET[39m [37m/wd/hub/session/3d602678-b471-4834-b1a8-adaa6f8ecb9c/appium/device/system_bars[39m
[35m[HTTP][39m [90m{}[39m
[35m[HTTP][39m [37m<-- GET /wd/hub/session/3d602678-b471-4834-b1a8-adaa6f8ecb9c/appium/device/system_bars [39m[32m200[39m [90m72 ms - 145[39m
[35m[HTTP][39m [90m[39m
[35m[HTTP][39m [37m-->[39m [37mPOST[39m [37m/wd/hub/session/3d602678-b471-4834-b1a8-adaa6f8ecb9c/appium/device/activate_app[39m
[35m[HTTP][39m [90m{"bundleId":"com.mobileappruparupa"}[39m
[35m[HTTP][39m [37m<-- POST /wd/hub/session/3d602678-b471-4834-b1a8-adaa6f8ecb9c/appium/device/activate_app [39m[32m200[39m [90m546 ms - 14[39m
[35m[HTTP][39m [90m[39m
[35m[HTTP][39m [37m-->[39m [37mGET[39m [37m/wd/hub/session/3d602678-b471-4834-b1a8-adaa6f8ecb9c/source[39m
[35m[HTTP][39m [90m{}[39m
[35m[W3C (3d602678)][39m Driver proxy active, passing request on via HTTP proxy
[35m[WD Proxy][39m Replacing sessionId 53ec5979-4028-42ee-8f15-1e893f4c472e with 3d602678-b471-4834-b1a8-adaa6f8ecb9c
[35m[HTTP][39m [37m<-- GET /wd/hub/session/3d602678-b471-4834-b1a8-adaa6f8ecb9c/source [39m[32m200[39m [90m294 ms - 10003[39m
[35m[HTTP][39m [90m[39m
[35m[HTTP][39m [37m-->[39m [37mGET[39m [37m/wd/hub/session/3d602678-b471-4834-b1a8-adaa6f8ecb9c/screenshot[39m
[35m[HTTP][39m [90m{}[39m
[35m[HTTP][39m [37m<-- GET /wd/hub/session/3d602678-b471-4834-b1a8-adaa6f8ecb9c/screenshot [39m[32m200[39m [90m850 ms - 641702[39m
[35m[HTTP][39m [90m[39m
[35m[HTTP][39m [37m-->[39m [37mGET[39m [37m/wd/hub/session/3d602678-b471-4834-b1a8-adaa6f8ecb9c/context[39m
[35m[HTTP][39m [90m{}[39m
[35m[HTTP][39m [37m<-- GET /wd/hub/session/3d602678-b471-4834-b1a8-adaa6f8ecb9c/context [39m[32m200[39m [90m3 ms - 22[39m
[35m[HTTP][39m [90m[39m
[35m[HTTP][39m [37m-->[39m [37mGET[39m [37m/wd/hub/session/3d602678-b471-4834-b1a8-adaa6f8ecb9c/contexts[39m
[35m[HTTP][39m [90m{}[39m
[35m[HTTP][39m [37m<-- GET /wd/hub/session/3d602678-b471-4834-b1a8-adaa6f8ecb9c/contexts [39m[32m200[39m [90m606 ms - 63[39m
[35m[HTTP][39m [90m[39m
[35m[HTTP][39m [37m-->[39m [37mPOST[39m [37m/wd/hub/session/3d602678-b471-4834-b1a8-adaa6f8ecb9c/context[39m
[35m[HTTP][39m [90m{"name":"NATIVE_APP"}[39m
[35m[HTTP][39m [37m<-- POST /wd/hub/session/3d602678-b471-4834-b1a8-adaa6f8ecb9c/context [39m[32m200[39m [90m1 ms - 14[39m
[35m[HTTP][39m [90m[39m
[35m[HTTP][39m [37m-->[39m [37mPOST[39m [37m/wd/hub/session/3d602678-b471-4834-b1a8-adaa6f8ecb9c/orientation[39m
[35m[HTTP][39m [90m{"orientation":"PORTRAIT"}[39m
[35m[W3C (3d602678)][39m Driver proxy active, passing request on via HTTP proxy
[35m[WD Proxy][39m Replacing sessionId 53ec5979-4028-42ee-8f15-1e893f4c472e with 3d602678-b471-4834-b1a8-adaa6f8ecb9c
[35m[HTTP][39m [37m<-- POST /wd/hub/session/3d602678-b471-4834-b1a8-adaa6f8ecb9c/orientation [39m[32m200[39m [90m1086 ms - 71[39m
[35m[HTTP][39m [90m[39m
[35m[HTTP][39m [37m-->[39m [37mPOST[39m [37m/wd/hub/session/3d602678-b471-4834-b1a8-adaa6f8ecb9c/context[39m
[35m[HTTP][39m [90m{"name":"NATIVE_APP"}[39m
[35m[HTTP][39m [37m<-- POST /wd/hub/session/3d602678-b471-4834-b1a8-adaa6f8ecb9c/context [39m[32m200[39m [90m2 ms - 14[39m
[35m[HTTP][39m [90m[39m
[35m[HTTP][39m [37m-->[39m [37mGET[39m [37m/wd/hub/session/3d602678-b471-4834-b1a8-adaa6f8ecb9c/source[39m
[35m[HTTP][39m [90m{}[39m
[35m[W3C (3d602678)][39m Driver proxy active, passing request on via HTTP proxy
[35m[WD Proxy][39m Replacing sessionId 53ec5979-4028-42ee-8f15-1e893f4c472e with 3d602678-b471-4834-b1a8-adaa6f8ecb9c
[35m[HTTP][39m [37m<-- GET /wd/hub/session/3d602678-b471-4834-b1a8-adaa6f8ecb9c/source [39m[32m200[39m [90m1530 ms - 68637[39m
[35m[HTTP][39m [90m[39m
[35m[HTTP][39m [37m-->[39m [37mGET[39m [37m/wd/hub/session/3d602678-b471-4834-b1a8-adaa6f8ecb9c/screenshot[39m
[35m[HTTP][39m [90m{}[39m
[35m[HTTP][39m [37m<-- GET /wd/hub/session/3d602678-b471-4834-b1a8-adaa6f8ecb9c/screenshot [39m[32m200[39m [90m1205 ms - 1372674[39m
[35m[HTTP][39m [90m[39m
[35m[HTTP][39m [37m-->[39m [37mPOST[39m [37m/wd/hub/session/3d602678-b471-4834-b1a8-adaa6f8ecb9c/elements[39m
[35m[HTTP][39m [90m{"using":"xpath","value":"//*[@class = 'android.view.ViewGroup' and (@text = '' or . = '')]"}[39m
[35m[HTTP][39m [37m<-- POST /wd/hub/session/3d602678-b471-4834-b1a8-adaa6f8ecb9c/elements [39m[32m200[39m [90m1671 ms - 11147[39m
[35m[HTTP][39m [90m[39m
[35m[HTTP][39m [37m-->[39m [37mPOST[39m [37m/wd/hub/session/3d602678-b471-4834-b1a8-adaa6f8ecb9c/elements[39m
[35m[HTTP][39m [90m{"using":"-android uiautomator","value":"new UiSelector().className(\"android.view.ViewGroup\")"}[39m
[35m[HTTP][39m [37m<-- POST /wd/hub/session/3d602678-b471-4834-b1a8-adaa6f8ecb9c/elements [39m[32m200[39m [90m1596 ms - 11019[39m
[35m[HTTP][39m [90m[39m
[35m[HTTP][39m [37m-->[39m [37mGET[39m [37m/wd/hub/session/3d602678-b471-4834-b1a8-adaa6f8ecb9c/window/rect[39m
[35m[HTTP][39m [90m{}[39m
[35m[HTTP][39m [37m<-- GET /wd/hub/session/3d602678-b471-4834-b1a8-adaa6f8ecb9c/window/rect [39m[32m200[39m [90m20 ms - 50[39m
[35m[HTTP][39m [90m[39m
[35m[HTTP][39m [37m-->[39m [37mPOST[39m [37m/wd/hub/session/3d602678-b471-4834-b1a8-adaa6f8ecb9c/elements[39m
[35m[HTTP][39m [90m{"using":"xpath","value":"//hierarchy/android.widget.FrameLayout[1]/android.widget.LinearLayout[1]/android.widget.FrameLayout[1]/android.widget.LinearLayout[1]/android.widget.FrameLayout[1]/android.widget.FrameLayout[1]/android.view.ViewGroup[1]/android.view.ViewGroup[1]/android.view.ViewGroup[1]/android.widget.FrameLayout[1]/android.view.ViewGroup[1]/android.view.ViewGroup[1]/android.view.ViewGroup[1]/android.view.ViewGroup[1]/android.view.ViewGroup[1]/android.view.ViewGroup[1]/android.widget.FrameLayout[1]/android.view.ViewGroup[1]/android.view.ViewGroup[1]/android.view.ViewGroup[2]/android.view.ViewGroup[1]/android.view.ViewGroup[1]"}[39m
[35m[HTTP][39m [37m<-- POST /wd/hub/session/3d602678-b471-4834-b1a8-adaa6f8ecb9c/elements [39m[32m200[39m [90m376 ms - 139[39m
[35m[HTTP][39m [90m[39m
[35m[HTTP][39m [37m-->[39m [37mGET[39m [37m/wd/hub/session/3d602678-b471-4834-b1a8-adaa6f8ecb9c/element/00000000-0000-06c2-ffff-ffff00000020/location[39m
[35m[HTTP][39m [90m{}[39m
[35m[W3C (3d602678)][39m Driver proxy active, passing request on via HTTP proxy
[35m[WD Proxy][39m Replacing sessionId 53ec5979-4028-42ee-8f15-1e893f4c472e with 3d602678-b471-4834-b1a8-adaa6f8ecb9c
[35m[HTTP][39m [37m<-- GET /wd/hub/session/3d602678-b471-4834-b1a8-adaa6f8ecb9c/element/00000000-0000-06c2-ffff-ffff00000020/location [39m[32m200[39m [90m326 ms - 77[39m
[35m[HTTP][39m [90m[39m
[35m[HTTP][39m [37m-->[39m [37mPOST[39m [37m/wd/hub/session/3d602678-b471-4834-b1a8-adaa6f8ecb9c/element/00000000-0000-06c2-ffff-ffff00000020/click[39m
[35m[HTTP][39m [90m{"id":"00000000-0000-06c2-ffff-ffff00000020"}[39m
[35m[HTTP][39m [37m<-- POST /wd/hub/session/3d602678-b471-4834-b1a8-adaa6f8ecb9c/element/00000000-0000-06c2-ffff-ffff00000020/click [39m[32m200[39m [90m88 ms - 14[39m
[35m[HTTP][39m [90m[39m
[35m[HTTP][39m [37m-->[39m [37mGET[39m [37m/wd/hub/session/3d602678-b471-4834-b1a8-adaa6f8ecb9c/source[39m
[35m[HTTP][39m [90m{}[39m
[35m[W3C (3d602678)][39m Driver proxy active, passing request on via HTTP proxy
[35m[WD Proxy][39m Replacing sessionId 53ec5979-4028-42ee-8f15-1e893f4c472e with 3d602678-b471-4834-b1a8-adaa6f8ecb9c
[35m[HTTP][39m [37m<-- GET /wd/hub/session/3d602678-b471-4834-b1a8-adaa6f8ecb9c/source [39m[32m200[39m [90m1115 ms - 30973[39m
[35m[HTTP][39m [90m[39m
[35m[HTTP][39m [37m-->[39m [37mGET[39m [37m/wd/hub/session/3d602678-b471-4834-b1a8-adaa6f8ecb9c/screenshot[39m
[35m[HTTP][39m [90m{}[39m
[35m[HTTP][39m [37m<-- GET /wd/hub/session/3d602678-b471-4834-b1a8-adaa6f8ecb9c/screenshot [39m[32m200[39m [90m590 ms - 448472[39m
[35m[HTTP][39m [90m[39m
[35m[HTTP][39m [37m-->[39m [37mPOST[39m [37m/wd/hub/session/3d602678-b471-4834-b1a8-adaa6f8ecb9c/elements[39m
[35m[HTTP][39m [90m{"using":"xpath","value":"//*[@class = 'android.widget.EditText' and (@text = 'Cari kursi' or . = 'Cari kursi')]"}[39m
[35m[HTTP][39m [37m<-- POST /wd/hub/session/3d602678-b471-4834-b1a8-adaa6f8ecb9c/elements [39m[32m200[39m [90m301 ms - 139[39m
[35m[HTTP][39m [90m[39m
[35m[HTTP][39m [37m-->[39m [37mGET[39m [37m/wd/hub/session/3d602678-b471-4834-b1a8-adaa6f8ecb9c/window/rect[39m
[35m[HTTP][39m [90m{}[39m
[35m[HTTP][39m [37m<-- GET /wd/hub/session/3d602678-b471-4834-b1a8-adaa6f8ecb9c/window/rect [39m[32m200[39m [90m16 ms - 50[39m
[35m[HTTP][39m [90m[39m
[35m[HTTP][39m [37m-->[39m [37mPOST[39m [37m/wd/hub/session/3d602678-b471-4834-b1a8-adaa6f8ecb9c/elements[39m
[35m[HTTP][39m [90m{"using":"xpath","value":"//*[@class = 'android.widget.EditText' and (@text = 'Cari kursi' or . = 'Cari kursi')]"}[39m
[35m[HTTP][39m [37m<-- POST /wd/hub/session/3d602678-b471-4834-b1a8-adaa6f8ecb9c/elements [39m[32m200[39m [90m269 ms - 139[39m
[35m[HTTP][39m [90m[39m
[35m[HTTP][39m [37m-->[39m [37mGET[39m [37m/wd/hub/session/3d602678-b471-4834-b1a8-adaa6f8ecb9c/element/00000000-0000-06c2-ffff-ffff00000222/location[39m
[35m[HTTP][39m [90m{}[39m
[35m[W3C (3d602678)][39m Driver proxy active, passing request on via HTTP proxy
[35m[WD Proxy][39m Replacing sessionId 53ec5979-4028-42ee-8f15-1e893f4c472e with 3d602678-b471-4834-b1a8-adaa6f8ecb9c
[35m[HTTP][39m [37m<-- GET /wd/hub/session/3d602678-b471-4834-b1a8-adaa6f8ecb9c/element/00000000-0000-06c2-ffff-ffff00000222/location [39m[32m200[39m [90m26 ms - 78[39m
[35m[HTTP][39m [90m[39m
[35m[HTTP][39m [37m-->[39m [37mPOST[39m [37m/wd/hub/session/3d602678-b471-4834-b1a8-adaa6f8ecb9c/element/00000000-0000-06c2-ffff-ffff00000222/value[39m
[35m[HTTP][39m [90m{"id":"00000000-0000-06c2-ffff-ffff00000222","text":"Kursi Gaming","value":["K","u","r","s","i"," ","G","a","m","i","n","g"]}[39m
[35m[HTTP][39m [37m<-- POST /wd/hub/session/3d602678-b471-4834-b1a8-adaa6f8ecb9c/element/00000000-0000-06c2-ffff-ffff00000222/value [39m[32m200[39m [90m607 ms - 14[39m
[35m[HTTP][39m [90m[39m
[35m[HTTP][39m [37m-->[39m [37mGET[39m [37m/wd/hub/session/3d602678-b471-4834-b1a8-adaa6f8ecb9c/source[39m
[35m[HTTP][39m [90m{}[39m
[35m[W3C (3d602678)][39m Driver proxy active, passing request on via HTTP proxy
[35m[WD Proxy][39m Replacing sessionId 53ec5979-4028-42ee-8f15-1e893f4c472e with 3d602678-b471-4834-b1a8-adaa6f8ecb9c
[35m[HTTP][39m [37m<-- GET /wd/hub/session/3d602678-b471-4834-b1a8-adaa6f8ecb9c/source [39m[32m200[39m [90m748 ms - 40890[39m
[35m[HTTP][39m [90m[39m
[35m[HTTP][39m [37m-->[39m [37mGET[39m [37m/wd/hub/session/3d602678-b471-4834-b1a8-adaa6f8ecb9c/screenshot[39m
[35m[HTTP][39m [90m{}[39m
[35m[HTTP][39m [37m<-- GET /wd/hub/session/3d602678-b471-4834-b1a8-adaa6f8ecb9c/screenshot [39m[32m200[39m [90m656 ms - 467036[39m
[35m[HTTP][39m [90m[39m
[35m[HTTP][39m [37m-->[39m [37mPOST[39m [37m/wd/hub/session/3d602678-b471-4834-b1a8-adaa6f8ecb9c/elements[39m
[35m[HTTP][39m [90m{"using":"xpath","value":"//*[@class = 'android.widget.TextView' and (@text = 'Lihat Semua' or . = 'Lihat Semua')]"}[39m
[35m[HTTP][39m [37m<-- POST /wd/hub/session/3d602678-b471-4834-b1a8-adaa6f8ecb9c/elements [39m[32m200[39m [90m307 ms - 139[39m
[35m[HTTP][39m [90m[39m
[35m[HTTP][39m [37m-->[39m [37mGET[39m [37m/wd/hub/session/3d602678-b471-4834-b1a8-adaa6f8ecb9c/window/rect[39m
[35m[HTTP][39m [90m{}[39m
[35m[HTTP][39m [37m<-- GET /wd/hub/session/3d602678-b471-4834-b1a8-adaa6f8ecb9c/window/rect [39m[32m200[39m [90m11 ms - 50[39m
[35m[HTTP][39m [90m[39m
[35m[HTTP][39m [37m-->[39m [37mPOST[39m [37m/wd/hub/session/3d602678-b471-4834-b1a8-adaa6f8ecb9c/elements[39m
[35m[HTTP][39m [90m{"using":"xpath","value":"//*[@class = 'android.widget.TextView' and (@text = 'Lihat Semua' or . = 'Lihat Semua')]"}[39m
[35m[HTTP][39m [37m<-- POST /wd/hub/session/3d602678-b471-4834-b1a8-adaa6f8ecb9c/elements [39m[32m200[39m [90m263 ms - 139[39m
[35m[HTTP][39m [90m[39m
[35m[HTTP][39m [37m-->[39m [37mGET[39m [37m/wd/hub/session/3d602678-b471-4834-b1a8-adaa6f8ecb9c/element/00000000-0000-06c2-ffff-ffff00000279/location[39m
[35m[HTTP][39m [90m{}[39m
[35m[W3C (3d602678)][39m Driver proxy active, passing request on via HTTP proxy
[35m[WD Proxy][39m Replacing sessionId 53ec5979-4028-42ee-8f15-1e893f4c472e with 3d602678-b471-4834-b1a8-adaa6f8ecb9c
[35m[HTTP][39m [37m<-- GET /wd/hub/session/3d602678-b471-4834-b1a8-adaa6f8ecb9c/element/00000000-0000-06c2-ffff-ffff00000279/location [39m[32m200[39m [90m19 ms - 79[39m
[35m[HTTP][39m [90m[39m
[35m[HTTP][39m [37m-->[39m [37mPOST[39m [37m/wd/hub/session/3d602678-b471-4834-b1a8-adaa6f8ecb9c/element/00000000-0000-06c2-ffff-ffff00000279/click[39m
[35m[HTTP][39m [90m{"id":"00000000-0000-06c2-ffff-ffff00000279"}[39m
[35m[HTTP][39m [37m<-- POST /wd/hub/session/3d602678-b471-4834-b1a8-adaa6f8ecb9c/element/00000000-0000-06c2-ffff-ffff00000279/click [39m[32m200[39m [90m80 ms - 14[39m
[35m[HTTP][39m [90m[39m
[35m[HTTP][39m [37m-->[39m [37mGET[39m [37m/wd/hub/session/3d602678-b471-4834-b1a8-adaa6f8ecb9c/source[39m
[35m[HTTP][39m [90m{}[39m
[35m[W3C (3d602678)][39m Driver proxy active, passing request on via HTTP proxy
[35m[WD Proxy][39m Replacing sessionId 53ec5979-4028-42ee-8f15-1e893f4c472e with 3d602678-b471-4834-b1a8-adaa6f8ecb9c
[35m[HTTP][39m [37m<-- GET /wd/hub/session/3d602678-b471-4834-b1a8-adaa6f8ecb9c/source [39m[32m200[39m [90m1999 ms - 47948[39m
[35m[HTTP][39m [90m[39m
[35m[HTTP][39m [37m-->[39m [37mGET[39m [37m/wd/hub/session/3d602678-b471-4834-b1a8-adaa6f8ecb9c/screenshot[39m
[35m[HTTP][39m [90m{}[39m
[35m[HTTP][39m [37m<-- GET /wd/hub/session/3d602678-b471-4834-b1a8-adaa6f8ecb9c/screenshot [39m[32m200[39m [90m834 ms - 688294[39m
[35m[HTTP][39m [90m[39m
[35m[HTTP][39m [37m-->[39m [37mDELETE[39m [37m/wd/hub/session/3d602678-b471-4834-b1a8-adaa6f8ecb9c[39m
[35m[HTTP][39m [90m{}[39m
[35m[Appium][39m Removing session 3d602678-b471-4834-b1a8-adaa6f8ecb9c from our master session list
[35m[UiAutomator2][39m Restoring hidden api policy to the device default configuration
[35m[HTTP][39m [37m<-- DELETE /wd/hub/session/3d602678-b471-4834-b1a8-adaa6f8ecb9c [39m[32m200[39m [90m467 ms - 14[39m
[35m[HTTP][39m [90m[39m
